c:\users\rvpjo\source\repos\cpp_no_classes\cpp_no_classes\debug\vc141.pdb
c:\users\rvpjo\source\repos\cpp_no_classes\cpp_no_classes\debug\vc141.idb
c:\users\rvpjo\source\repos\cpp_no_classes\cpp_no_classes\debug\direct3d.obj
c:\users\rvpjo\source\repos\cpp_no_classes\cpp_no_classes\debug\game.obj
c:\users\rvpjo\source\repos\cpp_no_classes\cpp_no_classes\debug\graphics.obj
c:\users\rvpjo\source\repos\cpp_no_classes\cpp_no_classes\debug\main.obj
c:\users\rvpjo\source\repos\cpp_no_classes\cpp_no_classes\debug\window.obj
c:\users\rvpjo\source\repos\cpp_no_classes\cpp_no_classes\debug\keyboard.obj
c:\users\rvpjo\source\repos\cpp_no_classes\cpp_no_classes\debug\mouse.obj
c:\users\rvpjo\source\repos\cpp_no_classes\cpp_no_classes\framebufferps.shh
c:\users\rvpjo\source\repos\cpp_no_classes\cpp_no_classes\framebuffervs.shh
c:\users\rvpjo\source\repos\cpp_no_classes\debug\framebufferps.cso
c:\users\rvpjo\source\repos\cpp_no_classes\debug\framebuffervs.cso
c:\users\rvpjo\source\repos\cpp_no_classes\debug\cpp_no_classes.exe
c:\users\rvpjo\source\repos\cpp_no_classes\debug\cpp_no_classes.ilk
c:\users\rvpjo\source\repos\cpp_no_classes\debug\cpp_no_classes.pdb
c:\users\rvpjo\source\repos\cpp_no_classes\cpp_no_classes\debug\cpp_no_classes.tlog\cl.command.1.tlog
c:\users\rvpjo\source\repos\cpp_no_classes\cpp_no_classes\debug\cpp_no_classes.tlog\cl.read.1.tlog
c:\users\rvpjo\source\repos\cpp_no_classes\cpp_no_classes\debug\cpp_no_classes.tlog\cl.write.1.tlog
c:\users\rvpjo\source\repos\cpp_no_classes\cpp_no_classes\debug\cpp_no_classes.tlog\cpp_no_classes.write.1u.tlog
c:\users\rvpjo\source\repos\cpp_no_classes\cpp_no_classes\debug\cpp_no_classes.tlog\fxc.command.1.tlog
c:\users\rvpjo\source\repos\cpp_no_classes\cpp_no_classes\debug\cpp_no_classes.tlog\fxc.read.1.tlog
c:\users\rvpjo\source\repos\cpp_no_classes\cpp_no_classes\debug\cpp_no_classes.tlog\fxc.write.1.tlog
c:\users\rvpjo\source\repos\cpp_no_classes\cpp_no_classes\debug\cpp_no_classes.tlog\link.command.1.tlog
c:\users\rvpjo\source\repos\cpp_no_classes\cpp_no_classes\debug\cpp_no_classes.tlog\link.read.1.tlog
c:\users\rvpjo\source\repos\cpp_no_classes\cpp_no_classes\debug\cpp_no_classes.tlog\link.write.1.tlog
